 ⨯ Error: Cannot find module './chunks/vendor-chunks/next.js'
Require stack:
- E:\Marques\biishare\.next\server\webpack-runtime.js
- E:\Marques\biishare\.next\server\pages\_document.js
- E:\Marques\biishare\node_modules\next\dist\server\require.js
- E:\Marques\biishare\node_modules\next\dist\server\next-server.js
- E:\Marques\biishare\node_modules\next\dist\server\next.js
- E:\Marques\biishare\node_modules\next\dist\server\lib\start-server.js
- E:\Marques\biishare\node_modules\next\dist\cli\next-start.js
    at Function.<anonymous> (node:internal/modules/cjs/loader:1383:15)
    at E:\Marques\biishare\node_modules\next\dist\server\require-hook.js:55:36
    at defaultResolveImpl (node:internal/modules/cjs/loader:1025:19)
    at resolveForCJSWithHooks (node:internal/modules/cjs/loader:1030:22)
    at Function._load (node:internal/modules/cjs/loader:1192:37)
    at TracingChannel.traceSync (node:diagnostics_channel:328:14)
    at wrapModuleLoad (node:internal/modules/cjs/loader:237:24)
    at Module.<anonymous> (node:internal/modules/cjs/loader:1463:12)
    at mod.require (E:\Marques\biishare\node_modules\next\dist\server\require-hook.js:65:28)
    at require (node:internal/modules/helpers:147:16) {
  code: 'MODULE_NOT_FOUND',
  requireStack: [
    'E:\\Marques\\biishare\\.next\\server\\webpack-runtime.js',
    'E:\\Marques\\biishare\\.next\\server\\pages\\_document.js',
    'E:\\Marques\\biishare\\node_modules\\next\\dist\\server\\require.js',
    'E:\\Marques\\biishare\\node_modules\\next\\dist\\server\\next-server.js',
    'E:\\Marques\\biishare\\node_modules\\next\\dist\\server\\next.js',
    'E:\\Marques\\biishare\\node_modules\\next\\dist\\server\\lib\\start-server.js',
    'E:\\Marques\\biishare\\node_modules\\next\\dist\\cli\\next-start.js'
  ]
}
 ⨯ Error: Cannot find module './chunks/vendor-chunks/next.js'
Require stack:
- E:\Marques\biishare\.next\server\webpack-runtime.js
- E:\Marques\biishare\.next\server\pages\_document.js
- E:\Marques\biishare\node_modules\next\dist\server\require.js
- E:\Marques\biishare\node_modules\next\dist\server\next-server.js
- E:\Marques\biishare\node_modules\next\dist\server\next.js
- E:\Marques\biishare\node_modules\next\dist\server\lib\start-server.js
- E:\Marques\biishare\node_modules\next\dist\cli\next-start.js
    at Function.<anonymous> (node:internal/modules/cjs/loader:1383:15)
    at E:\Marques\biishare\node_modules\next\dist\server\require-hook.js:55:36
    at defaultResolveImpl (node:internal/modules/cjs/loader:1025:19)
    at resolveForCJSWithHooks (node:internal/modules/cjs/loader:1030:22)
    at Function._load (node:internal/modules/cjs/loader:1192:37)
    at TracingChannel.traceSync (node:diagnostics_channel:328:14)
    at wrapModuleLoad (node:internal/modules/cjs/loader:237:24)
    at Module.<anonymous> (node:internal/modules/cjs/loader:1463:12)
    at mod.require (E:\Marques\biishare\node_modules\next\dist\server\require-hook.js:65:28)
    at require (node:internal/modules/helpers:147:16) {
  code: 'MODULE_NOT_FOUND',
  requireStack: [
    'E:\\Marques\\biishare\\.next\\server\\webpack-runtime.js',
    'E:\\Marques\\biishare\\.next\\server\\pages\\_document.js',
    'E:\\Marques\\biishare\\node_modules\\next\\dist\\server\\require.js',
    'E:\\Marques\\biishare\\node_modules\\next\\dist\\server\\next-server.js',
    'E:\\Marques\\biishare\\node_modules\\next\\dist\\server\\next.js',
    'E:\\Marques\\biishare\\node_modules\\next\\dist\\server\\lib\\start-server.js',
    'E:\\Marques\\biishare\\node_modules\\next\\dist\\cli\\next-start.js'
  ]
}
 ⨯ Error: Cannot find module './chunks/vendor-chunks/next.js'
Require stack:
- E:\Marques\biishare\.next\server\webpack-runtime.js
- E:\Marques\biishare\.next\server\pages\_document.js
- E:\Marques\biishare\node_modules\next\dist\server\require.js
- E:\Marques\biishare\node_modules\next\dist\server\next-server.js
- E:\Marques\biishare\node_modules\next\dist\server\next.js
- E:\Marques\biishare\node_modules\next\dist\server\lib\start-server.js
- E:\Marques\biishare\node_modules\next\dist\cli\next-start.js
    at Function.<anonymous> (node:internal/modules/cjs/loader:1383:15)
    at E:\Marques\biishare\node_modules\next\dist\server\require-hook.js:55:36
    at defaultResolveImpl (node:internal/modules/cjs/loader:1025:19)
    at resolveForCJSWithHooks (node:internal/modules/cjs/loader:1030:22)
    at Function._load (node:internal/modules/cjs/loader:1192:37)
    at TracingChannel.traceSync (node:diagnostics_channel:328:14)
    at wrapModuleLoad (node:internal/modules/cjs/loader:237:24)
    at Module.<anonymous> (node:internal/modules/cjs/loader:1463:12)
    at mod.require (E:\Marques\biishare\node_modules\next\dist\server\require-hook.js:65:28)
    at require (node:internal/modules/helpers:147:16) {
  code: 'MODULE_NOT_FOUND',
  requireStack: [
    'E:\\Marques\\biishare\\.next\\server\\webpack-runtime.js',
    'E:\\Marques\\biishare\\.next\\server\\pages\\_document.js',
    'E:\\Marques\\biishare\\node_modules\\next\\dist\\server\\require.js',
    'E:\\Marques\\biishare\\node_modules\\next\\dist\\server\\next-server.js',
    'E:\\Marques\\biishare\\node_modules\\next\\dist\\server\\next.js',
    'E:\\Marques\\biishare\\node_modules\\next\\dist\\server\\lib\\start-server.js',
    'E:\\Marques\\biishare\\node_modules\\next\\dist\\cli\\next-start.js'
  ]
}
 ⨯ Error: Cannot find module './chunks/vendor-chunks/next.js'
Require stack:
- E:\Marques\biishare\.next\server\webpack-runtime.js
- E:\Marques\biishare\.next\server\pages\_document.js
- E:\Marques\biishare\node_modules\next\dist\server\require.js
- E:\Marques\biishare\node_modules\next\dist\server\next-server.js
- E:\Marques\biishare\node_modules\next\dist\server\next.js
- E:\Marques\biishare\node_modules\next\dist\server\lib\start-server.js
- E:\Marques\biishare\node_modules\next\dist\cli\next-start.js
    at Function.<anonymous> (node:internal/modules/cjs/loader:1383:15)
    at E:\Marques\biishare\node_modules\next\dist\server\require-hook.js:55:36
    at defaultResolveImpl (node:internal/modules/cjs/loader:1025:19)
    at resolveForCJSWithHooks (node:internal/modules/cjs/loader:1030:22)
    at Function._load (node:internal/modules/cjs/loader:1192:37)
    at TracingChannel.traceSync (node:diagnostics_channel:328:14)
    at wrapModuleLoad (node:internal/modules/cjs/loader:237:24)
    at Module.<anonymous> (node:internal/modules/cjs/loader:1463:12)
    at mod.require (E:\Marques\biishare\node_modules\next\dist\server\require-hook.js:65:28)
    at require (node:internal/modules/helpers:147:16) {
  code: 'MODULE_NOT_FOUND',
  requireStack: [
    'E:\\Marques\\biishare\\.next\\server\\webpack-runtime.js',
    'E:\\Marques\\biishare\\.next\\server\\pages\\_document.js',
    'E:\\Marques\\biishare\\node_modules\\next\\dist\\server\\require.js',
    'E:\\Marques\\biishare\\node_modules\\next\\dist\\server\\next-server.js',
    'E:\\Marques\\biishare\\node_modules\\next\\dist\\server\\next.js',
    'E:\\Marques\\biishare\\node_modules\\next\\dist\\server\\lib\\start-server.js',
    'E:\\Marques\\biishare\\node_modules\\next\\dist\\cli\\next-start.js'
  ]
}
TypeError: e[o] is not a function
    at Object.t [as require] (E:\Marques\biishare\.next\server\webpack-runtime.js:1:127)
    at require (E:\Marques\biishare\node_modules\next\dist\compiled\next-server\app-page.runtime.prod.js:16:18365)
    at I (E:\Marques\biishare\node_modules\next\dist\compiled\next-server\app-page.runtime.prod.js:12:94362)
    at E:\Marques\biishare\node_modules\next\dist\compiled\next-server\app-page.runtime.prod.js:12:96668
    at F._fromJSON (E:\Marques\biishare\node_modules\next\dist\compiled\next-server\app-page.runtime.prod.js:12:97106)
    at JSON.parse (<anonymous>)
    at O (E:\Marques\biishare\node_modules\next\dist\compiled\next-server\app-page.runtime.prod.js:12:94083)
    at t (E:\Marques\biishare\node_modules\next\dist\compiled\next-server\app-page.runtime.prod.js:12:100582)
    at processTicksAndRejections (node:internal/process/task_queues:103:5)
    at runNextTicks (node:internal/process/task_queues:68:3) {
  digest: '1383488395'
}
TypeError: e[o] is not a function
    at Object.t [as require] (E:\Marques\biishare\.next\server\webpack-runtime.js:1:127)
    at require (E:\Marques\biishare\node_modules\next\dist\compiled\next-server\app-page.runtime.prod.js:16:18365)
    at I (E:\Marques\biishare\node_modules\next\dist\compiled\next-server\app-page.runtime.prod.js:12:94362)
    at E:\Marques\biishare\node_modules\next\dist\compiled\next-server\app-page.runtime.prod.js:12:96668
    at F._fromJSON (E:\Marques\biishare\node_modules\next\dist\compiled\next-server\app-page.runtime.prod.js:12:97106)
    at JSON.parse (<anonymous>)
    at O (E:\Marques\biishare\node_modules\next\dist\compiled\next-server\app-page.runtime.prod.js:12:94083)
    at t (E:\Marques\biishare\node_modules\next\dist\compiled\next-server\app-page.runtime.prod.js:12:100582)
 ⨯ TypeError: e[o] is not a function
    at Object.t [as require] (E:\Marques\biishare\.next\server\webpack-runtime.js:1:127)
    at require (E:\Marques\biishare\node_modules\next\dist\compiled\next-server\app-page.runtime.prod.js:16:18365)
    at I (E:\Marques\biishare\node_modules\next\dist\compiled\next-server\app-page.runtime.prod.js:12:94362)
    at E:\Marques\biishare\node_modules\next\dist\compiled\next-server\app-page.runtime.prod.js:12:96668
    at F._fromJSON (E:\Marques\biishare\node_modules\next\dist\compiled\next-server\app-page.runtime.prod.js:12:97106)
    at JSON.parse (<anonymous>)
    at O (E:\Marques\biishare\node_modules\next\dist\compiled\next-server\app-page.runtime.prod.js:12:94083)
    at t (E:\Marques\biishare\node_modules\next\dist\compiled\next-server\app-page.runtime.prod.js:12:100582)
